# JRE version: OpenJDK Runtime Environment (19.0.2+7) (build 19.0.2+7-44)
# Java VM: OpenJDK 64-Bit Server VM (19.0.2+7-44, mixed mode, sharing, tiered, compressed oops, compressed class ptrs, g1 gc, windows-amd64)
GC Precious Log:
 CardTable entry size: 512
 Card Set container configuration: InlinePtr #cards 5 size 8 Array Of Cards #cards 12 size 40 Howl #buckets 4 coarsen threshold 1843 Howl Bitmap #cards 512 size 80 coarsen threshold 460 Card regions per heap region 1 cards per card region 2048
 CPUs: 4 total, 4 available
 Memory: 7834M
 Large Page Support: Disabled
 NUMA Support: Disabled
 Compressed Oops: Enabled (32-bit)
 Heap Region Size: 1M
 Heap Min Capacity: 8M
 Heap Initial Capacity: 124M
 Heap Max Capacity: 1960M
 Pre-touch: Disabled
 Parallel Workers: 4
 Concurrent Workers: 1
 Concurrent Refinement Workers: 4
 Periodic GC: Disabled
Heap:
 garbage-first heap   total 264192K, used 4821K [0x0000000085800000, 0x0000000100000000)
  region size 1024K, 1 young (1024K), 1 survivors (1024K)
 Metaspace       used 5546K, committed 5760K, reserved 1114112K
  class space    used 668K, committed 768K, reserved 1048576K
GC Heap History (20 events):
Event: 1.999 GC heap after
{Heap after GC invocations=34 (full 0):
 garbage-first heap   total 264192K, used 4812K [0x0000000085800000, 0x0000000100000000)
  region size 1024K, 1 young (1024K), 1 survivors (1024K)
 Metaspace       used 5546K, committed 5760K, reserved 1114112K
  class space    used 668K, committed 768K, reserved 1048576K
}
Event: 2.030 GC heap before
{Heap before GC invocations=34 (full 0):
 garbage-first heap   total 264192K, used 161484K [0x0000000085800000, 0x0000000100000000)
  region size 1024K, 154 young (157696K), 1 survivors (1024K)
 Metaspace       used 5546K, committed 5760K, reserved 1114112K
  class space    used 668K, committed 768K, reserved 1048576K
}
Event: 2.031 GC heap after
{Heap after GC invocations=35 (full 0):
 garbage-first heap   total 264192K, used 4812K [0x0000000085800000, 0x0000000100000000)
  region size 1024K, 1 young (1024K), 1 survivors (1024K)
 Metaspace       used 5546K, committed 5760K, reserved 1114112K
  class space    used 668K, committed 768K, reserved 1048576K
}
Event: 2.069 GC heap before
{Heap before GC invocations=35 (full 0):
 garbage-first heap   total 264192K, used 161484K [0x0000000085800000, 0x0000000100000000)
  region size 1024K, 154 young (157696K), 1 survivors (1024K)
 Metaspace       used 5546K, committed 5760K, reserved 1114112K
  class space    used 668K, committed 768K, reserved 1048576K
}
Event: 2.069 GC heap after
{Heap after GC invocations=36 (full 0):
 garbage-first heap   total 264192K, used 4812K [0x0000000085800000, 0x0000000100000000)
  region size 1024K, 1 young (1024K), 1 survivors (1024K)
 Metaspace       used 5546K, committed 5760K, reserved 1114112K
  class space    used 668K, committed 768K, reserved 1048576K
}
Event: 2.101 GC heap before
{Heap before GC invocations=36 (full 0):
 garbage-first heap   total 264192K, used 161484K [0x0000000085800000, 0x0000000100000000)
  region size 1024K, 154 young (157696K), 1 survivors (1024K)
 Metaspace       used 5546K, committed 5760K, reserved 1114112K
  class space    used 668K, committed 768K, reserved 1048576K
}
Event: 2.101 GC heap after
{Heap after GC invocations=37 (full 0):
 garbage-first heap   total 264192K, used 4812K [0x0000000085800000, 0x0000000100000000)
  region size 1024K, 1 young (1024K), 1 survivors (1024K)
 Metaspace       used 5546K, committed 5760K, reserved 1114112K
  class space    used 668K, committed 768K, reserved 1048576K
}
Event: 2.132 GC heap before
{Heap before GC invocations=37 (full 0):
 garbage-first heap   total 264192K, used 161484K [0x0000000085800000, 0x0000000100000000)
  region size 1024K, 154 young (157696K), 1 survivors (1024K)
 Metaspace       used 5546K, committed 5760K, reserved 1114112K
  class space    used 668K, committed 768K, reserved 1048576K
}
Event: 2.132 GC heap after
{Heap after GC invocations=38 (full 0):
 garbage-first heap   total 264192K, used 4816K [0x0000000085800000, 0x0000000100000000)
  region size 1024K, 1 young (1024K), 1 survivors (1024K)
 Metaspace       used 5546K, committed 5760K, reserved 1114112K
  class space    used 668K, committed 768K, reserved 1048576K
}
Event: 2.162 GC heap before
{Heap before GC invocations=38 (full 0):
 garbage-first heap   total 264192K, used 161488K [0x0000000085800000, 0x0000000100000000)
  region size 1024K, 154 young (157696K), 1 survivors (1024K)
 Metaspace       used 5546K, committed 5760K, reserved 1114112K
  class space    used 668K, committed 768K, reserved 1048576K
}
Event: 2.163 GC heap after
{Heap after GC invocations=39 (full 0):
 garbage-first heap   total 264192K, used 4819K [0x0000000085800000, 0x0000000100000000)
  region size 1024K, 1 young (1024K), 1 survivors (1024K)
 Metaspace       used 5546K, committed 5760K, reserved 1114112K
  class space    used 668K, committed 768K, reserved 1048576K
}
Event: 2.194 GC heap before
{Heap before GC invocations=39 (full 0):
 garbage-first heap   total 264192K, used 161491K [0x0000000085800000, 0x0000000100000000)
  region size 1024K, 154 young (157696K), 1 survivors (1024K)
 Metaspace       used 5546K, committed 5760K, reserved 1114112K
  class space    used 668K, committed 768K, reserved 1048576K
}
Event: 2.194 GC heap after
{Heap after GC invocations=40 (full 0):
 garbage-first heap   total 264192K, used 4819K [0x0000000085800000, 0x0000000100000000)
  region size 1024K, 1 young (1024K), 1 survivors (1024K)
 Metaspace       used 5546K, committed 5760K, reserved 1114112K
  class space    used 668K, committed 768K, reserved 1048576K
}
Event: 2.228 GC heap before
{Heap before GC invocations=40 (full 0):
 garbage-first heap   total 264192K, used 161491K [0x0000000085800000, 0x0000000100000000)
  region size 1024K, 154 young (157696K), 1 survivors (1024K)
 Metaspace       used 5546K, committed 5760K, reserved 1114112K
  class space    used 668K, committed 768K, reserved 1048576K
}
Event: 2.228 GC heap after
{Heap after GC invocations=41 (full 0):
 garbage-first heap   total 264192K, used 4821K [0x0000000085800000, 0x0000000100000000)
  region size 1024K, 1 young (1024K), 1 survivors (1024K)
 Metaspace       used 5546K, committed 5760K, reserved 1114112K
  class space    used 668K, committed 768K, reserved 1048576K
}
Event: 2.260 GC heap before
{Heap before GC invocations=41 (full 0):
 garbage-first heap   total 264192K, used 161493K [0x0000000085800000, 0x0000000100000000)
  region size 1024K, 154 young (157696K), 1 survivors (1024K)
 Metaspace       used 5546K, committed 5760K, reserved 1114112K
  class space    used 668K, committed 768K, reserved 1048576K
}
Event: 2.260 GC heap after
{Heap after GC invocations=42 (full 0):
 garbage-first heap   total 264192K, used 4821K [0x0000000085800000, 0x0000000100000000)
  region size 1024K, 1 young (1024K), 1 survivors (1024K)
 Metaspace       used 5546K, committed 5760K, reserved 1114112K
  class space    used 668K, committed 768K, reserved 1048576K
}
Event: 2.292 GC heap before
{Heap before GC invocations=42 (full 0):
 garbage-first heap   total 264192K, used 161493K [0x0000000085800000, 0x0000000100000000)
  region size 1024K, 154 young (157696K), 1 survivors (1024K)
 Metaspace       used 5546K, committed 5760K, reserved 1114112K
  class space    used 668K, committed 768K, reserved 1048576K
}
Event: 2.293 GC heap after
{Heap after GC invocations=43 (full 0):
 garbage-first heap   total 264192K, used 4821K [0x0000000085800000, 0x0000000100000000)
  region size 1024K, 1 young (1024K), 1 survivors (1024K)
 Metaspace       used 5546K, committed 5760K, reserved 1114112K
  class space    used 668K, committed 768K, reserved 1048576K
}
Event: 2.325 GC heap before
{Heap before GC invocations=43 (full 0):
 garbage-first heap   total 264192K, used 161493K [0x0000000085800000, 0x0000000100000000)
  region size 1024K, 154 young (157696K), 1 survivors (1024K)
 Metaspace       used 5546K, committed 5760K, reserved 1114112K
  class space    used 668K, committed 768K, reserved 1048576K
}

