# JRE version: OpenJDK Runtime Environment (19.0.2+7) (build 19.0.2+7-44)
# Java VM: OpenJDK 64-Bit Server VM (19.0.2+7-44, mixed mode, sharing, tiered, compressed oops, compressed class ptrs, g1 gc, windows-amd64)
GC Precious Log:
 CardTable entry size: 512
 Card Set container configuration: InlinePtr #cards 5 size 8 Array Of Cards #cards 12 size 40 Howl #buckets 4 coarsen threshold 1843 Howl Bitmap #cards 512 size 80 coarsen threshold 460 Card regions per heap region 1 cards per card region 2048
 CPUs: 4 total, 4 available
 Memory: 7834M
 Large Page Support: Disabled
 NUMA Support: Disabled
 Compressed Oops: Enabled (32-bit)
 Heap Region Size: 1M
 Heap Min Capacity: 8M
 Heap Initial Capacity: 124M
 Heap Max Capacity: 1960M
 Pre-touch: Disabled
 Parallel Workers: 4
 Concurrent Workers: 1
 Concurrent Refinement Workers: 4
 Periodic GC: Disabled
Heap:
 garbage-first heap   total 264192K, used 4818K [0x0000000085800000, 0x0000000100000000)
  region size 1024K, 1 young (1024K), 1 survivors (1024K)
 Metaspace       used 5532K, committed 5696K, reserved 1114112K
  class space    used 668K, committed 768K, reserved 1048576K
GC Heap History (20 events):
Event: 2.725 GC heap after
{Heap after GC invocations=49 (full 0):
 garbage-first heap   total 264192K, used 4818K [0x0000000085800000, 0x0000000100000000)
  region size 1024K, 1 young (1024K), 1 survivors (1024K)
 Metaspace       used 5532K, committed 5696K, reserved 1114112K
  class space    used 668K, committed 768K, reserved 1048576K
}
Event: 2.756 GC heap before
{Heap before GC invocations=49 (full 0):
 garbage-first heap   total 264192K, used 161490K [0x0000000085800000, 0x0000000100000000)
  region size 1024K, 154 young (157696K), 1 survivors (1024K)
 Metaspace       used 5532K, committed 5696K, reserved 1114112K
  class space    used 668K, committed 768K, reserved 1048576K
}
Event: 2.756 GC heap after
{Heap after GC invocations=50 (full 0):
 garbage-first heap   total 264192K, used 4818K [0x0000000085800000, 0x0000000100000000)
  region size 1024K, 1 young (1024K), 1 survivors (1024K)
 Metaspace       used 5532K, committed 5696K, reserved 1114112K
  class space    used 668K, committed 768K, reserved 1048576K
}
Event: 2.787 GC heap before
{Heap before GC invocations=50 (full 0):
 garbage-first heap   total 264192K, used 161490K [0x0000000085800000, 0x0000000100000000)
  region size 1024K, 154 young (157696K), 1 survivors (1024K)
 Metaspace       used 5532K, committed 5696K, reserved 1114112K
  class space    used 668K, committed 768K, reserved 1048576K
}
Event: 2.787 GC heap after
{Heap after GC invocations=51 (full 0):
 garbage-first heap   total 264192K, used 4818K [0x0000000085800000, 0x0000000100000000)
  region size 1024K, 1 young (1024K), 1 survivors (1024K)
 Metaspace       used 5532K, committed 5696K, reserved 1114112K
  class space    used 668K, committed 768K, reserved 1048576K
}
Event: 2.817 GC heap before
{Heap before GC invocations=51 (full 0):
 garbage-first heap   total 264192K, used 161490K [0x0000000085800000, 0x0000000100000000)
  region size 1024K, 154 young (157696K), 1 survivors (1024K)
 Metaspace       used 5532K, committed 5696K, reserved 1114112K
  class space    used 668K, committed 768K, reserved 1048576K
}
Event: 2.818 GC heap after
{Heap after GC invocations=52 (full 0):
 garbage-first heap   total 264192K, used 4818K [0x0000000085800000, 0x0000000100000000)
  region size 1024K, 1 young (1024K), 1 survivors (1024K)
 Metaspace       used 5532K, committed 5696K, reserved 1114112K
  class space    used 668K, committed 768K, reserved 1048576K
}
Event: 2.848 GC heap before
{Heap before GC invocations=52 (full 0):
 garbage-first heap   total 264192K, used 161490K [0x0000000085800000, 0x0000000100000000)
  region size 1024K, 154 young (157696K), 1 survivors (1024K)
 Metaspace       used 5532K, committed 5696K, reserved 1114112K
  class space    used 668K, committed 768K, reserved 1048576K
}
Event: 2.848 GC heap after
{Heap after GC invocations=53 (full 0):
 garbage-first heap   total 264192K, used 4818K [0x0000000085800000, 0x0000000100000000)
  region size 1024K, 1 young (1024K), 1 survivors (1024K)
 Metaspace       used 5532K, committed 5696K, reserved 1114112K
  class space    used 668K, committed 768K, reserved 1048576K
}
Event: 2.879 GC heap before
{Heap before GC invocations=53 (full 0):
 garbage-first heap   total 264192K, used 161490K [0x0000000085800000, 0x0000000100000000)
  region size 1024K, 154 young (157696K), 1 survivors (1024K)
 Metaspace       used 5532K, committed 5696K, reserved 1114112K
  class space    used 668K, committed 768K, reserved 1048576K
}
Event: 2.879 GC heap after
{Heap after GC invocations=54 (full 0):
 garbage-first heap   total 264192K, used 4818K [0x0000000085800000, 0x0000000100000000)
  region size 1024K, 1 young (1024K), 1 survivors (1024K)
 Metaspace       used 5532K, committed 5696K, reserved 1114112K
  class space    used 668K, committed 768K, reserved 1048576K
}
Event: 2.910 GC heap before
{Heap before GC invocations=54 (full 0):
 garbage-first heap   total 264192K, used 161490K [0x0000000085800000, 0x0000000100000000)
  region size 1024K, 154 young (157696K), 1 survivors (1024K)
 Metaspace       used 5532K, committed 5696K, reserved 1114112K
  class space    used 668K, committed 768K, reserved 1048576K
}
Event: 2.911 GC heap after
{Heap after GC invocations=55 (full 0):
 garbage-first heap   total 264192K, used 4816K [0x0000000085800000, 0x0000000100000000)
  region size 1024K, 1 young (1024K), 1 survivors (1024K)
 Metaspace       used 5532K, committed 5696K, reserved 1114112K
  class space    used 668K, committed 768K, reserved 1048576K
}
Event: 2.942 GC heap before
{Heap before GC invocations=55 (full 0):
 garbage-first heap   total 264192K, used 161488K [0x0000000085800000, 0x0000000100000000)
  region size 1024K, 154 young (157696K), 1 survivors (1024K)
 Metaspace       used 5532K, committed 5696K, reserved 1114112K
  class space    used 668K, committed 768K, reserved 1048576K
}
Event: 2.943 GC heap after
{Heap after GC invocations=56 (full 0):
 garbage-first heap   total 264192K, used 4816K [0x0000000085800000, 0x0000000100000000)
  region size 1024K, 1 young (1024K), 1 survivors (1024K)
 Metaspace       used 5532K, committed 5696K, reserved 1114112K
  class space    used 668K, committed 768K, reserved 1048576K
}
Event: 2.974 GC heap before
{Heap before GC invocations=56 (full 0):
 garbage-first heap   total 264192K, used 161488K [0x0000000085800000, 0x0000000100000000)
  region size 1024K, 154 young (157696K), 1 survivors (1024K)
 Metaspace       used 5532K, committed 5696K, reserved 1114112K
  class space    used 668K, committed 768K, reserved 1048576K
}
Event: 2.975 GC heap after
{Heap after GC invocations=57 (full 0):
 garbage-first heap   total 264192K, used 4818K [0x0000000085800000, 0x0000000100000000)
  region size 1024K, 1 young (1024K), 1 survivors (1024K)
 Metaspace       used 5532K, committed 5696K, reserved 1114112K
  class space    used 668K, committed 768K, reserved 1048576K
}
Event: 3.006 GC heap before
{Heap before GC invocations=57 (full 0):
 garbage-first heap   total 264192K, used 161490K [0x0000000085800000, 0x0000000100000000)
  region size 1024K, 154 young (157696K), 1 survivors (1024K)
 Metaspace       used 5532K, committed 5696K, reserved 1114112K
  class space    used 668K, committed 768K, reserved 1048576K
}
Event: 3.007 GC heap after
{Heap after GC invocations=58 (full 0):
 garbage-first heap   total 264192K, used 4818K [0x0000000085800000, 0x0000000100000000)
  region size 1024K, 1 young (1024K), 1 survivors (1024K)
 Metaspace       used 5532K, committed 5696K, reserved 1114112K
  class space    used 668K, committed 768K, reserved 1048576K
}
Event: 3.037 GC heap before
{Heap before GC invocations=58 (full 0):
 garbage-first heap   total 264192K, used 161490K [0x0000000085800000, 0x0000000100000000)
  region size 1024K, 154 young (157696K), 1 survivors (1024K)
 Metaspace       used 5532K, committed 5696K, reserved 1114112K
  class space    used 668K, committed 768K, reserved 1048576K
}

